<?xml version="1.0" encoding="UTF-8"?>
<!-- Generated by org.testng.reporters.JUnitXMLReporter -->
<testsuite ignored="3" hostname="Salmas-MacBook-Air-2.local" failures="0" tests="4" name="RegressionTests" time="6.02" errors="0" timestamp="2026-04-13T21:40:17 EET">
  <testcase classname="org.example.Ex3" name="testAccountBalance" time="0.0"/>
  <testcase classname="org.example.Ex3" name="testLoginInvalidCreds" time="2.182"/>
  <testcase classname="org.example.Ex3" name="testLoginValidCreds" time="2.33"/>
  <testcase classname="org.example.Ex3" name="testPasswordReset" time="0.001"/>
  <testcase classname="org.example.Ex3" name="testLoginPageVisible" time="0.0">
    <ignored/>
  </testcase> <!-- testLoginPageVisible -->
  <testcase classname="org.example.Ex3" name="testFooterLinks" time="0.0">
    <ignored/>
  </testcase> <!-- testFooterLinks -->
  <testcase classname="org.example.Ex3" name="testHomepageLoads" time="0.0">
    <ignored/>
  </testcase> <!-- testHomepageLoads -->
</testsuite> <!-- RegressionTests -->
