<?xml version="1.0" encoding="UTF-8"?>
<!-- Generated by org.testng.reporters.JUnitXMLReporter -->
<testsuite ignored="4" hostname="Salmas-MacBook-Air-2.local" failures="0" tests="3" name="SmokeTests" time="4.942" errors="0" timestamp="2026-04-13T21:40:11 EET">
  <testcase classname="org.example.Ex3" name="testFooterLinks" time="2.596"/>
  <testcase classname="org.example.Ex3" name="testHomepageLoads" time="0.572"/>
  <testcase classname="org.example.Ex3" name="testLoginPageVisible" time="0.012"/>
  <testcase classname="org.example.Ex3" name="testAccountBalance" time="0.0">
    <ignored/>
  </testcase> <!-- testAccountBalance -->
  <testcase classname="org.example.Ex3" name="testLoginInvalidCreds" time="0.0">
    <ignored/>
  </testcase> <!-- testLoginInvalidCreds -->
  <testcase classname="org.example.Ex3" name="testLoginValidCreds" time="0.0">
    <ignored/>
  </testcase> <!-- testLoginValidCreds -->
  <testcase classname="org.example.Ex3" name="testPasswordReset" time="0.0">
    <ignored/>
  </testcase> <!-- testPasswordReset -->
</testsuite> <!-- SmokeTests -->
