<?xml version="1.0" encoding="UTF-8"?>
<!-- Generated by org.testng.reporters.JUnitReportReporter -->
<testsuite hostname="Salmas-MacBook-Air-2.local" failures="0" tests="7" name="org.example.Ex3" time="7.693" errors="0" timestamp="2026-04-13T21:40:17 EET" skipped="0">
  <testcase classname="org.example.Ex3" name="testLoginPageVisible" time="0.012"/>
  <testcase classname="org.example.Ex3" name="testLoginValidCreds" time="2.330"/>
  <testcase classname="org.example.Ex3" name="testFooterLinks" time="2.596"/>
  <testcase classname="org.example.Ex3" name="testHomepageLoads" time="0.572"/>
  <testcase classname="org.example.Ex3" name="testAccountBalance" time="0.000"/>
  <testcase classname="org.example.Ex3" name="testPasswordReset" time="0.001"/>
  <testcase classname="org.example.Ex3" name="testLoginInvalidCreds" time="2.182"/>
</testsuite> <!-- org.example.Ex3 -->
